# JRE version: OpenJDK Runtime Environment Temurin-17.0.5+8 (17.0.5+8) (build 17.0.5+8)
# Java VM: OpenJDK 64-Bit Server VM Temurin-17.0.5+8 (17.0.5+8, mixed mode, tiered, compressed oops, compressed class ptrs, parallel gc, windows-amd64)
GC Precious Log:
 CPUs: 8 total, 8 available
 Memory: 8101M
 Large Page Support: Disabled
 NUMA Support: Disabled
 Compressed Oops: Enabled (32-bit)
 Alignments: Space 512K, Generation 512K, Heap 2M
 Heap Min Capacity: 100M
 Heap Initial Capacity: 100M
 Heap Max Capacity: 1G
 Pre-touch: Disabled
 Parallel Workers: 8
Heap:
 PSYoungGen      total 40960K, used 32535K [0x00000000eab00000, 0x00000000edc80000, 0x0000000100000000)
  eden space 31232K, 74% used [0x00000000eab00000,0x00000000ec19eac8,0x00000000ec980000)
  from space 9728K, 96% used [0x00000000ec980000,0x00000000ed2a73a0,0x00000000ed300000)
  to   space 9728K, 0% used [0x00000000ed300000,0x00000000ed300000,0x00000000edc80000)
 ParOldGen       total 399360K, used 371147K [0x00000000c0000000, 0x00000000d8600000, 0x00000000eab00000)
  object space 399360K, 92% used [0x00000000c0000000,0x00000000d6a72ff0,0x00000000d8600000)
 Metaspace       used 70065K, committed 71040K, reserved 1114112K
  class space    used 7206K, committed 7616K, reserved 1048576K
GC Heap History (20 events):
Event: 51.569 GC heap before
{Heap before GC invocations=207 (full 11):
 PSYoungGen      total 41984K, used 41904K [0x00000000eab00000, 0x00000000ee880000, 0x0000000100000000)
  eden space 36864K, 100% used [0x00000000eab00000,0x00000000ecf00000,0x00000000ecf00000)
  from space 5120K, 98% used [0x00000000ecf80000,0x00000000ed46c048,0x00000000ed480000)
  to   space 12288K, 0% used [0x00000000edc80000,0x00000000edc80000,0x00000000ee880000)
 ParOldGen       total 399360K, used 351572K [0x00000000c0000000, 0x00000000d8600000, 0x00000000eab00000)
  object space 399360K, 88% used [0x00000000c0000000,0x00000000d5755210,0x00000000d8600000)
 Metaspace       used 66531K, committed 67456K, reserved 1114112K
  class space    used 6946K, committed 7360K, reserved 1048576K
}
Event: 51.574 GC heap after
{Heap after GC invocations=207 (full 11):
 PSYoungGen      total 44544K, used 8126K [0x00000000eab00000, 0x00000000ee480000, 0x0000000100000000)
  eden space 36352K, 0% used [0x00000000eab00000,0x00000000eab00000,0x00000000ece80000)
  from space 8192K, 99% used [0x00000000edc80000,0x00000000ee46fa08,0x00000000ee480000)
  to   space 9216K, 0% used [0x00000000ed280000,0x00000000ed280000,0x00000000edb80000)
 ParOldGen       total 399360K, used 351580K [0x00000000c0000000, 0x00000000d8600000, 0x00000000eab00000)
  object space 399360K, 88% used [0x00000000c0000000,0x00000000d5757210,0x00000000d8600000)
 Metaspace       used 66531K, committed 67456K, reserved 1114112K
  class space    used 6946K, committed 7360K, reserved 1048576K
}
Event: 53.665 GC heap before
{Heap before GC invocations=208 (full 11):
 PSYoungGen      total 44544K, used 44478K [0x00000000eab00000, 0x00000000ee480000, 0x0000000100000000)
  eden space 36352K, 100% used [0x00000000eab00000,0x00000000ece80000,0x00000000ece80000)
  from space 8192K, 99% used [0x00000000edc80000,0x00000000ee46fa08,0x00000000ee480000)
  to   space 9216K, 0% used [0x00000000ed280000,0x00000000ed280000,0x00000000edb80000)
 ParOldGen       total 399360K, used 351580K [0x00000000c0000000, 0x00000000d8600000, 0x00000000eab00000)
  object space 399360K, 88% used [0x00000000c0000000,0x00000000d5757210,0x00000000d8600000)
 Metaspace       used 66952K, committed 67968K, reserved 1114112K
  class space    used 6955K, committed 7360K, reserved 1048576K
}
Event: 53.673 GC heap after
{Heap after GC invocations=208 (full 11):
 PSYoungGen      total 45056K, used 9200K [0x00000000eab00000, 0x00000000ee700000, 0x0000000100000000)
  eden space 35840K, 0% used [0x00000000eab00000,0x00000000eab00000,0x00000000ece00000)
  from space 9216K, 99% used [0x00000000ed280000,0x00000000edb7c260,0x00000000edb80000)
  to   space 11776K, 0% used [0x00000000edb80000,0x00000000edb80000,0x00000000ee700000)
 ParOldGen       total 399360K, used 354121K [0x00000000c0000000, 0x00000000d8600000, 0x00000000eab00000)
  object space 399360K, 88% used [0x00000000c0000000,0x00000000d59d26a8,0x00000000d8600000)
 Metaspace       used 66952K, committed 67968K, reserved 1114112K
  class space    used 6955K, committed 7360K, reserved 1048576K
}
Event: 56.239 GC heap before
{Heap before GC invocations=209 (full 11):
 PSYoungGen      total 45056K, used 45040K [0x00000000eab00000, 0x00000000ee700000, 0x0000000100000000)
  eden space 35840K, 100% used [0x00000000eab00000,0x00000000ece00000,0x00000000ece00000)
  from space 9216K, 99% used [0x00000000ed280000,0x00000000edb7c260,0x00000000edb80000)
  to   space 11776K, 0% used [0x00000000edb80000,0x00000000edb80000,0x00000000ee700000)
 ParOldGen       total 399360K, used 354121K [0x00000000c0000000, 0x00000000d8600000, 0x00000000eab00000)
  object space 399360K, 88% used [0x00000000c0000000,0x00000000d59d26a8,0x00000000d8600000)
 Metaspace       used 67184K, committed 68160K, reserved 1114112K
  class space    used 6958K, committed 7360K, reserved 1048576K
}
Event: 56.253 GC heap after
{Heap after GC invocations=209 (full 11):
 PSYoungGen      total 37376K, used 1952K [0x00000000eab00000, 0x00000000edd80000, 0x0000000100000000)
  eden space 35328K, 0% used [0x00000000eab00000,0x00000000eab00000,0x00000000ecd80000)
  from space 2048K, 95% used [0x00000000edb80000,0x00000000edd68000,0x00000000edd80000)
  to   space 5632K, 0% used [0x00000000ed280000,0x00000000ed280000,0x00000000ed800000)
 ParOldGen       total 399360K, used 355949K [0x00000000c0000000, 0x00000000d8600000, 0x00000000eab00000)
  object space 399360K, 89% used [0x00000000c0000000,0x00000000d5b9b628,0x00000000d8600000)
 Metaspace       used 67184K, committed 68160K, reserved 1114112K
  class space    used 6958K, committed 7360K, reserved 1048576K
}
Event: 59.175 GC heap before
{Heap before GC invocations=210 (full 11):
 PSYoungGen      total 37376K, used 37280K [0x00000000eab00000, 0x00000000edd80000, 0x0000000100000000)
  eden space 35328K, 100% used [0x00000000eab00000,0x00000000ecd80000,0x00000000ecd80000)
  from space 2048K, 95% used [0x00000000edb80000,0x00000000edd68000,0x00000000edd80000)
  to   space 5632K, 0% used [0x00000000ed280000,0x00000000ed280000,0x00000000ed800000)
 ParOldGen       total 399360K, used 355949K [0x00000000c0000000, 0x00000000d8600000, 0x00000000eab00000)
  object space 399360K, 89% used [0x00000000c0000000,0x00000000d5b9b628,0x00000000d8600000)
 Metaspace       used 67409K, committed 68416K, reserved 1114112K
  class space    used 6959K, committed 7360K, reserved 1048576K
}
Event: 59.179 GC heap after
{Heap after GC invocations=210 (full 11):
 PSYoungGen      total 40448K, used 1376K [0x00000000eab00000, 0x00000000edc00000, 0x0000000100000000)
  eden space 34816K, 0% used [0x00000000eab00000,0x00000000eab00000,0x00000000ecd00000)
  from space 5632K, 24% used [0x00000000ed280000,0x00000000ed3d8000,0x00000000ed800000)
  to   space 2560K, 0% used [0x00000000ed980000,0x00000000ed980000,0x00000000edc00000)
 ParOldGen       total 399360K, used 355957K [0x00000000c0000000, 0x00000000d8600000, 0x00000000eab00000)
  object space 399360K, 89% used [0x00000000c0000000,0x00000000d5b9d628,0x00000000d8600000)
 Metaspace       used 67409K, committed 68416K, reserved 1114112K
  class space    used 6959K, committed 7360K, reserved 1048576K
}
Event: 62.280 GC heap before
{Heap before GC invocations=211 (full 11):
 PSYoungGen      total 40448K, used 36192K [0x00000000eab00000, 0x00000000edc00000, 0x0000000100000000)
  eden space 34816K, 100% used [0x00000000eab00000,0x00000000ecd00000,0x00000000ecd00000)
  from space 5632K, 24% used [0x00000000ed280000,0x00000000ed3d8000,0x00000000ed800000)
  to   space 2560K, 0% used [0x00000000ed980000,0x00000000ed980000,0x00000000edc00000)
 ParOldGen       total 399360K, used 355957K [0x00000000c0000000, 0x00000000d8600000, 0x00000000eab00000)
  object space 399360K, 89% used [0x00000000c0000000,0x00000000d5b9d628,0x00000000d8600000)
 Metaspace       used 67597K, committed 68544K, reserved 1114112K
  class space    used 6960K, committed 7360K, reserved 1048576K
}
Event: 62.284 GC heap after
{Heap after GC invocations=211 (full 11):
 PSYoungGen      total 36352K, used 1664K [0x00000000eab00000, 0x00000000edb80000, 0x0000000100000000)
  eden space 34304K, 0% used [0x00000000eab00000,0x00000000eab00000,0x00000000ecc80000)
  from space 2048K, 81% used [0x00000000ed980000,0x00000000edb20000,0x00000000edb80000)
  to   space 2048K, 0% used [0x00000000ed780000,0x00000000ed780000,0x00000000ed980000)
 ParOldGen       total 399360K, used 355965K [0x00000000c0000000, 0x00000000d8600000, 0x00000000eab00000)
  object space 399360K, 89% used [0x00000000c0000000,0x00000000d5b9f628,0x00000000d8600000)
 Metaspace       used 67597K, committed 68544K, reserved 1114112K
  class space    used 6960K, committed 7360K, reserved 1048576K
}
Event: 77.662 GC heap before
{Heap before GC invocations=212 (full 11):
 PSYoungGen      total 36352K, used 35968K [0x00000000eab00000, 0x00000000edb80000, 0x0000000100000000)
  eden space 34304K, 100% used [0x00000000eab00000,0x00000000ecc80000,0x00000000ecc80000)
  from space 2048K, 81% used [0x00000000ed980000,0x00000000edb20000,0x00000000edb80000)
  to   space 2048K, 0% used [0x00000000ed780000,0x00000000ed780000,0x00000000ed980000)
 ParOldGen       total 399360K, used 355965K [0x00000000c0000000, 0x00000000d8600000, 0x00000000eab00000)
  object space 399360K, 89% used [0x00000000c0000000,0x00000000d5b9f628,0x00000000d8600000)
 Metaspace       used 68071K, committed 69056K, reserved 1114112K
  class space    used 6999K, committed 7424K, reserved 1048576K
}
Event: 77.668 GC heap after
{Heap after GC invocations=212 (full 11):
 PSYoungGen      total 35840K, used 2045K [0x00000000eab00000, 0x00000000eda00000, 0x0000000100000000)
  eden space 33792K, 0% used [0x00000000eab00000,0x00000000eab00000,0x00000000ecc00000)
  from space 2048K, 99% used [0x00000000ed780000,0x00000000ed97f518,0x00000000ed980000)
  to   space 512K, 0% used [0x00000000ed980000,0x00000000ed980000,0x00000000eda00000)
 ParOldGen       total 399360K, used 359657K [0x00000000c0000000, 0x00000000d8600000, 0x00000000eab00000)
  object space 399360K, 90% used [0x00000000c0000000,0x00000000d5f3a570,0x00000000d8600000)
 Metaspace       used 68071K, committed 69056K, reserved 1114112K
  class space    used 6999K, committed 7424K, reserved 1048576K
}
Event: 80.277 GC heap before
{Heap before GC invocations=213 (full 11):
 PSYoungGen      total 35840K, used 35837K [0x00000000eab00000, 0x00000000eda00000, 0x0000000100000000)
  eden space 33792K, 100% used [0x00000000eab00000,0x00000000ecc00000,0x00000000ecc00000)
  from space 2048K, 99% used [0x00000000ed780000,0x00000000ed97f518,0x00000000ed980000)
  to   space 512K, 0% used [0x00000000ed980000,0x00000000ed980000,0x00000000eda00000)
 ParOldGen       total 399360K, used 359657K [0x00000000c0000000, 0x00000000d8600000, 0x00000000eab00000)
  object space 399360K, 90% used [0x00000000c0000000,0x00000000d5f3a570,0x00000000d8600000)
 Metaspace       used 68173K, committed 69120K, reserved 1114112K
  class space    used 7000K, committed 7424K, reserved 1048576K
}
Event: 80.284 GC heap after
{Heap after GC invocations=213 (full 11):
 PSYoungGen      total 33792K, used 496K [0x00000000eab00000, 0x00000000eda00000, 0x0000000100000000)
  eden space 33280K, 0% used [0x00000000eab00000,0x00000000eab00000,0x00000000ecb80000)
  from space 512K, 96% used [0x00000000ed980000,0x00000000ed9fc010,0x00000000eda00000)
  to   space 7168K, 0% used [0x00000000ecc00000,0x00000000ecc00000,0x00000000ed300000)
 ParOldGen       total 399360K, used 365779K [0x00000000c0000000, 0x00000000d8600000, 0x00000000eab00000)
  object space 399360K, 91% used [0x00000000c0000000,0x00000000d6534ff0,0x00000000d8600000)
 Metaspace       used 68173K, committed 69120K, reserved 1114112K
  class space    used 7000K, committed 7424K, reserved 1048576K
}
Event: 81.614 GC heap before
{Heap before GC invocations=214 (full 11):
 PSYoungGen      total 33792K, used 33687K [0x00000000eab00000, 0x00000000eda00000, 0x0000000100000000)
  eden space 33280K, 99% used [0x00000000eab00000,0x00000000ecb69d68,0x00000000ecb80000)
  from space 512K, 96% used [0x00000000ed980000,0x00000000ed9fc010,0x00000000eda00000)
  to   space 7168K, 0% used [0x00000000ecc00000,0x00000000ecc00000,0x00000000ed300000)
 ParOldGen       total 399360K, used 365779K [0x00000000c0000000, 0x00000000d8600000, 0x00000000eab00000)
  object space 399360K, 91% used [0x00000000c0000000,0x00000000d6534ff0,0x00000000d8600000)
 Metaspace       used 68780K, committed 69696K, reserved 1114112K
  class space    used 7069K, committed 7488K, reserved 1048576K
}
Event: 81.618 GC heap after
{Heap after GC invocations=214 (full 11):
 PSYoungGen      total 39936K, used 3582K [0x00000000eab00000, 0x00000000eda00000, 0x0000000100000000)
  eden space 32768K, 0% used [0x00000000eab00000,0x00000000eab00000,0x00000000ecb00000)
  from space 7168K, 49% used [0x00000000ecc00000,0x00000000ecf7fae0,0x00000000ed300000)
  to   space 5120K, 0% used [0x00000000ed500000,0x00000000ed500000,0x00000000eda00000)
 ParOldGen       total 399360K, used 365851K [0x00000000c0000000, 0x00000000d8600000, 0x00000000eab00000)
  object space 399360K, 91% used [0x00000000c0000000,0x00000000d6546ff0,0x00000000d8600000)
 Metaspace       used 68780K, committed 69696K, reserved 1114112K
  class space    used 7069K, committed 7488K, reserved 1048576K
}
Event: 83.638 GC heap before
{Heap before GC invocations=215 (full 11):
 PSYoungGen      total 39936K, used 36110K [0x00000000eab00000, 0x00000000eda00000, 0x0000000100000000)
  eden space 32768K, 99% used [0x00000000eab00000,0x00000000ecac3f78,0x00000000ecb00000)
  from space 7168K, 49% used [0x00000000ecc00000,0x00000000ecf7fae0,0x00000000ed300000)
  to   space 5120K, 0% used [0x00000000ed500000,0x00000000ed500000,0x00000000eda00000)
 ParOldGen       total 399360K, used 365851K [0x00000000c0000000, 0x00000000d8600000, 0x00000000eab00000)
  object space 399360K, 91% used [0x00000000c0000000,0x00000000d6546ff0,0x00000000d8600000)
 Metaspace       used 69840K, committed 70848K, reserved 1114112K
  class space    used 7193K, committed 7616K, reserved 1048576K
}
Event: 83.644 GC heap after
{Heap after GC invocations=215 (full 11):
 PSYoungGen      total 36352K, used 5108K [0x00000000eab00000, 0x00000000ee180000, 0x0000000100000000)
  eden space 31232K, 0% used [0x00000000eab00000,0x00000000eab00000,0x00000000ec980000)
  from space 5120K, 99% used [0x00000000ed500000,0x00000000ed9fd3a0,0x00000000eda00000)
  to   space 11776K, 0% used [0x00000000ec980000,0x00000000ec980000,0x00000000ed500000)
 ParOldGen       total 399360K, used 371099K [0x00000000c0000000, 0x00000000d8600000, 0x00000000eab00000)
  object space 399360K, 92% used [0x00000000c0000000,0x00000000d6a66ff0,0x00000000d8600000)
 Metaspace       used 69840K, committed 70848K, reserved 1114112K
  class space    used 7193K, committed 7616K, reserved 1048576K
}
Event: 85.788 GC heap before
{Heap before GC invocations=216 (full 11):
 PSYoungGen      total 36352K, used 36340K [0x00000000eab00000, 0x00000000ee180000, 0x0000000100000000)
  eden space 31232K, 100% used [0x00000000eab00000,0x00000000ec980000,0x00000000ec980000)
  from space 5120K, 99% used [0x00000000ed500000,0x00000000ed9fd3a0,0x00000000eda00000)
  to   space 11776K, 0% used [0x00000000ec980000,0x00000000ec980000,0x00000000ed500000)
 ParOldGen       total 399360K, used 371099K [0x00000000c0000000, 0x00000000d8600000, 0x00000000eab00000)
  object space 399360K, 92% used [0x00000000c0000000,0x00000000d6a66ff0,0x00000000d8600000)
 Metaspace       used 70006K, committed 70976K, reserved 1114112K
  class space    used 7204K, committed 7616K, reserved 1048576K
}
Event: 85.794 GC heap after
{Heap after GC invocations=216 (full 11):
 PSYoungGen      total 40960K, used 9372K [0x00000000eab00000, 0x00000000edc80000, 0x0000000100000000)
  eden space 31232K, 0% used [0x00000000eab00000,0x00000000eab00000,0x00000000ec980000)
  from space 9728K, 96% used [0x00000000ec980000,0x00000000ed2a73a0,0x00000000ed300000)
  to   space 9728K, 0% used [0x00000000ed300000,0x00000000ed300000,0x00000000edc80000)
 ParOldGen       total 399360K, used 371147K [0x00000000c0000000, 0x00000000d8600000, 0x00000000eab00000)
  object space 399360K, 92% used [0x00000000c0000000,0x00000000d6a72ff0,0x00000000d8600000)
 Metaspace       used 70006K, committed 70976K, reserved 1114112K
  class space    used 7204K, committed 7616K, reserved 1048576K
}

